
Showing logs for build [32msalaboy-queue-service-master-s2b7x-10[0m stage [32mfrom-build-pack[0m and container [32mcredential-initializer[0m
{"level":"info","ts":1597144332.6831472,"caller":"creds-init/main.go:44","msg":"Credentials initialized."}

Showing logs for build [32msalaboy-queue-service-master-s2b7x-10[0m stage [32mfrom-build-pack[0m and container [32mworking-dir-initializer[0m

Showing logs for build [32msalaboy-queue-service-master-s2b7x-10[0m stage [32mfrom-build-pack[0m and container [32mplace-tools[0m

Showing logs for build [32msalaboy-queue-service-master-s2b7x-10[0m stage [32mfrom-build-pack[0m and container [32mstep-git-source-salaboy-queue-service-master-s2b7x-n266r[0m
{"level":"info","ts":1597144342.1924152,"caller":"git/git.go:105","msg":"Successfully cloned https://github.com/*******/queue-service.git @ v0.0.10 in path /workspace/source"}
{"level":"warn","ts":1597144342.1958618,"caller":"git/git.go:152","msg":"Unexpected error: creating symlink: symlink /tekton/home/.ssh /root/.ssh: file exists"}
{"level":"info","ts":1597144342.242181,"caller":"git/git.go:133","msg":"Successfully initialized and updated submodules in path /workspace/source"}

Showing logs for build [32msalaboy-queue-service-master-s2b7x-10[0m stage [32mfrom-build-pack[0m and container [32mstep-setup-builder-home[0m

Showing logs for build [32msalaboy-queue-service-master-s2b7x-10[0m stage [32mfrom-build-pack[0m and container [32mstep-git-merge[0m
Using SHAs from PULL_REFS=master:
WARNING: no SHAs to merge, falling back to initial cloned commit

Showing logs for build [32msalaboy-queue-service-master-s2b7x-10[0m stage [32mfrom-build-pack[0m and container [32mstep-setup-jx-git-credentials[0m
Generated Git credentials file /workspace/xdg_config/git/credentials

Showing logs for build [32msalaboy-queue-service-master-s2b7x-10[0m stage [32mfrom-build-pack[0m and container [32mstep-build-mvn-deploy[0m
Picked up _JAVA_OPTIONS: -XX:+UnlockExperimentalVMOptions -Dsun.zip.disableMemoryMapping=true -XX:+UseParallelGC -XX:MinHeapFreeRatio=5 -XX:MaxHeapFreeRatio=10 -XX:GCTimeRatio=4 -XX:AdaptiveSizePolicyWeight=90 -Xms10m -Xmx192m
[INFO] Scanning for projects...
[INFO] 
[INFO] ------------------< com.*******.queue:queue-service >-------------------
[INFO] Building queue-service 0.0.10
[INFO] --------------------------------[ jar ]---------------------------------
[INFO] 
[INFO] --- maven-clean-plugin:3.1.0:clean (default-clean) @ queue-service ---
[INFO] 
[INFO] --- maven-resources-plugin:3.1.0:resources (default-resources) @ queue-service ---
[INFO] Using 'UTF-8' encoding to copy filtered resources.
[INFO] Copying 1 resource
[INFO] Copying 0 resource
[INFO] 
[INFO] --- maven-compiler-plugin:3.8.1:compile (default-compile) @ queue-service ---
[INFO] Changes detected - recompiling the module!
[INFO] Compiling 2 source files to /workspace/source/target/classes
[INFO] 
[INFO] --- maven-resources-plugin:3.1.0:testResources (default-testResources) @ queue-service ---
[INFO] Using 'UTF-8' encoding to copy filtered resources.
[INFO] skip non existing resourceDirectory /workspace/source/src/test/resources
[INFO] 
[INFO] --- maven-compiler-plugin:3.8.1:testCompile (default-testCompile) @ queue-service ---
[INFO] Changes detected - recompiling the module!
[INFO] Compiling 1 source file to /workspace/source/target/test-classes
[INFO] 
[INFO] --- maven-surefire-plugin:3.0.0-M1:test (default-test) @ queue-service ---
[INFO] 
[INFO] -------------------------------------------------------
[INFO]  T E S T S
[INFO] -------------------------------------------------------
[INFO] Running com.*******.queue.service.QueueServiceApplicationTests
11:13:19.547 [main] DEBUG org.springframework.test.context.BootstrapUtils - Instantiating CacheAwareContextLoaderDelegate from class [org.springframework.test.context.cache.DefaultCacheAwareContextLoaderDelegate]
11:13:19.578 [main] DEBUG org.springframework.test.context.BootstrapUtils - Instantiating BootstrapContext using constructor [public org.springframework.test.context.support.DefaultBootstrapContext(java.lang.Class,org.springframework.test.context.CacheAwareContextLoaderDelegate)]
11:13:19.654 [main] DEBUG org.springframework.test.context.BootstrapUtils - Instantiating TestContextBootstrapper for test class [com.*******.queue.service.QueueServiceApplicationTests] from class [org.springframework.boot.test.context.SpringBootTestContextBootstrapper]
11:13:19.708 [main] INFO org.springframework.boot.test.context.SpringBootTestContextBootstrapper - Neither @ContextConfiguration nor @ContextHierarchy found for test class [com.*******.queue.service.QueueServiceApplicationTests], using SpringBootContextLoader
11:13:19.732 [main] DEBUG org.springframework.test.context.support.AbstractContextLoader - Did not detect default resource location for test class [com.*******.queue.service.QueueServiceApplicationTests]: class path resource [com/*******/queue/service/QueueServiceApplicationTests-context.xml] does not exist
11:13:19.742 [main] DEBUG org.springframework.test.context.support.AbstractContextLoader - Did not detect default resource location for test class [com.*******.queue.service.QueueServiceApplicationTests]: class path resource [com/*******/queue/service/QueueServiceApplicationTestsContext.groovy] does not exist
11:13:19.747 [main] INFO org.springframework.test.context.support.AbstractContextLoader - Could not detect default resource locations for test class [com.*******.queue.service.QueueServiceApplicationTests]: no resource found for suffixes {-context.xml, Context.groovy}.
11:13:19.762 [main] INFO org.springframework.test.context.support.AnnotationConfigContextLoaderUtils - Could not detect default configuration classes for test class [com.*******.queue.service.QueueServiceApplicationTests]: QueueServiceApplicationTests does not declare any static, non-private, non-final, nested classes annotated with @Configuration.
11:13:19.907 [main] DEBUG org.springframework.test.context.support.ActiveProfilesUtils - Could not find an 'annotation declaring class' for annotation type [org.springframework.test.context.ActiveProfiles] and class [com.*******.queue.service.QueueServiceApplicationTests]
11:13:20.213 [main] DEBUG org.springframework.context.annotation.ClassPathScanningCandidateComponentProvider - Identified candidate component class: file [/workspace/source/target/classes/com/*******/queue/service/QueueServiceApplication.class]
11:13:20.245 [main] INFO org.springframework.boot.test.context.SpringBootTestContextBootstrapper - Found @SpringBootConfiguration com.*******.queue.service.QueueServiceApplication for test class com.*******.queue.service.QueueServiceApplicationTests
11:13:20.612 [main] DEBUG org.springframework.boot.test.context.SpringBootTestContextBootstrapper - @TestExecutionListeners is not present for class [com.*******.queue.service.QueueServiceApplicationTests]: using defaults.
11:13:20.623 [main] INFO org.springframework.boot.test.context.SpringBootTestContextBootstrapper - Loaded default TestExecutionListener class names from location [META-INF/spring.factories]: [org.springframework.boot.test.mock.mockito.MockitoTestExecutionListener, org.springframework.boot.test.mock.mockito.ResetMocksTestExecutionListener, org.springframework.boot.test.autoconfigure.restdocs.RestDocsTestExecutionListener, org.springframework.boot.test.autoconfigure.web.client.MockRestServiceServerResetTestExecutionListener, org.springframework.boot.test.autoconfigure.web.servlet.MockMvcPrintOnlyOnFailureTestExecutionListener, org.springframework.boot.test.autoconfigure.web.servlet.WebDriverTestExecutionListener, org.springframework.test.context.web.ServletTestExecutionListener, org.springframework.test.context.support.DirtiesContextBeforeModesTestExecutionListener, org.springframework.test.context.support.DependencyInjectionTestExecutionListener, org.springframework.test.context.support.DirtiesContextTestExecutionListener, org.springframework.test.context.transaction.TransactionalTestExecutionListener, org.springframework.test.context.jdbc.SqlScriptsTestExecutionListener, org.springframework.test.context.event.EventPublishingTestExecutionListener]
11:13:20.671 [main] DEBUG org.springframework.boot.test.context.SpringBootTestContextBootstrapper - Skipping candidate TestExecutionListener [org.springframework.test.context.web.ServletTestExecutionListener] due to a missing dependency. Specify custom listener classes or make the default listener classes and their required dependencies available. Offending class: [javax/servlet/ServletContext]
11:13:20.693 [main] DEBUG org.springframework.boot.test.context.SpringBootTestContextBootstrapper - Skipping candidate TestExecutionListener [org.springframework.test.context.transaction.TransactionalTestExecutionListener] due to a missing dependency. Specify custom listener classes or make the default listener classes and their required dependencies available. Offending class: [org/springframework/transaction/TransactionDefinition]
11:13:20.707 [main] DEBUG org.springframework.boot.test.context.SpringBootTestContextBootstrapper - Skipping candidate TestExecutionListener [org.springframework.test.context.jdbc.SqlScriptsTestExecutionListener] due to a missing dependency. Specify custom listener classes or make the default listener classes and their required dependencies available. Offending class: [org/springframework/transaction/interceptor/TransactionAttribute]
11:13:20.714 [main] INFO org.springframework.boot.test.context.SpringBootTestContextBootstrapper - Using TestExecutionListeners: [org.springframework.test.context.support.DirtiesContextBeforeModesTestExecutionListener@7ca33c24, org.springframework.boot.test.mock.mockito.MockitoTestExecutionListener@fade1fc, org.springframework.boot.test.autoconfigure.SpringBootDependencyInjectionTestExecutionListener@67c2e933, org.springframework.test.context.support.DirtiesContextTestExecutionListener@41dd05a, org.springframework.test.context.event.EventPublishingTestExecutionListener@613a8ee1, org.springframework.boot.test.mock.mockito.ResetMocksTestExecutionListener@178213b, org.springframework.boot.test.autoconfigure.restdocs.RestDocsTestExecutionListener@7103cb56, org.springframework.boot.test.autoconfigure.web.client.MockRestServiceServerResetTestExecutionListener@1b765a2c, org.springframework.boot.test.autoconfigure.web.servlet.MockMvcPrintOnlyOnFailureTestExecutionListener@2e8e8225, org.springframework.boot.test.autoconfigure.web.servlet.WebDriverTestExecutionListener@6ebf0f36]
11:13:20.742 [main] DEBUG org.springframework.test.context.support.AbstractDirtiesContextTestExecutionListener - Before test class: context [DefaultTestContext@4af0df05 testClass = QueueServiceApplicationTests, testInstance = [null], testMethod = [null], testException = [null], mergedContextConfiguration = [ReactiveWebMergedContextConfiguration@57ea113a testClass = QueueServiceApplicationTests, locations = '{}', classes = '{class com.*******.queue.service.QueueServiceApplication}', contextInitializerClasses = '[]', activeProfiles = '{}', propertySourceLocations = '{}', propertySourceProperties = '{org.springframework.boot.test.context.SpringBootTestContextBootstrapper=true}', contextCustomizers = set[org.springframework.boot.test.context.filter.ExcludeFilterContextCustomizer@69ee81fc, org.springframework.boot.test.json.DuplicateJsonObjectContextCustomizerFactory$DuplicateJsonObjectContextCustomizer@f58853c, org.springframework.boot.test.mock.mockito.MockitoContextCustomizer@0, org.springframework.boot.test.web.client.TestRestTemplateContextCustomizer@13526e59, org.springframework.boot.test.web.reactive.server.WebTestClientContextCustomizer@4ee203eb, org.springframework.boot.test.autoconfigure.properties.PropertyMappingContextCustomizer@0, org.springframework.boot.test.autoconfigure.web.servlet.WebDriverContextCustomizerFactory$Customizer@7ac296f6], contextLoader = 'org.springframework.boot.test.context.SpringBootContextLoader', parent = [null]], attributes = map[[empty]]], class annotated with @DirtiesContext [false] with mode [null].
11:13:20.818 [main] DEBUG org.springframework.test.context.support.DependencyInjectionTestExecutionListener - Performing dependency injection for test context [[DefaultTestContext@4af0df05 testClass = QueueServiceApplicationTests, testInstance = com.*******.queue.service.QueueServiceApplicationTests@a43ce46, testMethod = [null], testException = [null], mergedContextConfiguration = [ReactiveWebMergedContextConfiguration@57ea113a testClass = QueueServiceApplicationTests, locations = '{}', classes = '{class com.*******.queue.service.QueueServiceApplication}', contextInitializerClasses = '[]', activeProfiles = '{}', propertySourceLocations = '{}', propertySourceProperties = '{org.springframework.boot.test.context.SpringBootTestContextBootstrapper=true}', contextCustomizers = set[org.springframework.boot.test.context.filter.ExcludeFilterContextCustomizer@69ee81fc, org.springframework.boot.test.json.DuplicateJsonObjectContextCustomizerFactory$DuplicateJsonObjectContextCustomizer@f58853c, org.springframework.boot.test.mock.mockito.MockitoContextCustomizer@0, org.springframework.boot.test.web.client.TestRestTemplateContextCustomizer@13526e59, org.springframework.boot.test.web.reactive.server.WebTestClientContextCustomizer@4ee203eb, org.springframework.boot.test.autoconfigure.properties.PropertyMappingContextCustomizer@0, org.springframework.boot.test.autoconfigure.web.servlet.WebDriverContextCustomizerFactory$Customizer@7ac296f6], contextLoader = 'org.springframework.boot.test.context.SpringBootContextLoader', parent = [null]], attributes = map[[empty]]]].
11:13:20.957 [main] DEBUG org.springframework.test.context.support.TestPropertySourceUtils - Adding inlined properties to environment: {spring.jmx.enabled=false, org.springframework.boot.test.context.SpringBootTestContextBootstrapper=true, server.port=-1}

  .   ____          _            __ _ _
 /\\ / ___'_ __ _ _(_)_ __  __ _ \ \ \ \
( ( )\___ | '_ | '_| | '_ \/ _` | \ \ \ \
 \\/  ___)| |_)| | | | | || (_| |  ) ) ) )
  '  |____| .__|_| |_|_| |_\__, | / / / /
 =========|_|==============|___/=/_/_/_/
 :: Spring Boot ::        (v2.2.6.RELEASE)

2020-08-11 11:13:21.874  INFO 74 --- [           main] c.s.q.s.QueueServiceApplicationTests     : Starting QueueServiceApplicationTests on *******-queue-service-master-s2b7x-10-from-build-pack-lk6-ghp4b with PID 74 (started by root in /workspace/source)
2020-08-11 11:13:21.889  INFO 74 --- [           main] c.s.q.s.QueueServiceApplicationTests     : No active profile set, falling back to default profiles: default
2020-08-11 11:13:26.138  INFO 74 --- [           main] c.s.q.service.QueueServiceApplication    : > Queue Init!
2020-08-11 11:13:26.159  INFO 74 --- [          queue] c.s.q.service.QueueServiceApplication    : The Queue is empty!
2020-08-11 11:13:29.991  INFO 74 --- [           main] o.s.b.a.e.web.EndpointLinksResolver      : Exposing 2 endpoint(s) beneath base path '/actuator'
2020-08-11 11:13:31.888  INFO 74 --- [           main] c.s.q.s.QueueServiceApplicationTests     : Started QueueServiceApplicationTests in 10.841 seconds (JVM running for 16.702)
[INFO] Tests run: 1, Failures: 0, Errors: 0, Skipped: 0, Time elapsed: 14.065 s - in com.*******.queue.service.QueueServiceApplicationTests
[INFO] 
[INFO] Results:
[INFO] 
[INFO] Tests run: 1, Failures: 0, Errors: 0, Skipped: 0
[INFO] 
[INFO] 
[INFO] --- maven-jar-plugin:3.1.2:jar (default-jar) @ queue-service ---
[INFO] Building jar: /workspace/source/target/queue-service-0.0.10.jar
[INFO] 
[INFO] --- spring-boot-maven-plugin:2.2.6.RELEASE:repackage (repackage) @ queue-service ---
[INFO] Replacing main artifact with repackaged archive
[INFO] 
[INFO] --- maven-install-plugin:2.5.2:install (default-install) @ queue-service ---
[INFO] Installing /workspace/source/target/queue-service-0.0.10.jar to /home/jenkins/.mvnrepository/com/*******/queue/queue-service/0.0.10/queue-service-0.0.10.jar
[INFO] Installing /workspace/source/pom.xml to /home/jenkins/.mvnrepository/com/*******/queue/queue-service/0.0.10/queue-service-0.0.10.pom
[INFO] 
[INFO] --- maven-deploy-plugin:2.8.2:deploy (default-deploy) @ queue-service ---
[INFO] Using alternate deployment repository local-nexus::default::http://nexus/repository/maven-releases/
[INFO] ------------------------------------------------------------------------
[INFO] BUILD SUCCESS
[INFO] ------------------------------------------------------------------------
[INFO] Total time:  01:16 min
[INFO] Finished at: 2020-08-11T11:13:48Z
[INFO] ------------------------------------------------------------------------

Showing logs for build [32msalaboy-queue-service-master-s2b7x-10[0m stage [32mfrom-build-pack[0m and container [32mstep-build-skaffold-version[0m
v1.0.1

Showing logs for build [32msalaboy-queue-service-master-s2b7x-10[0m stage [32mfrom-build-pack[0m and container [32mstep-build-container-build[0m
E0811 11:13:50.695632       8 aws_credentials.go:77] while getting AWS credentials NoCredentialProviders: no valid providers in chain. Deprecated.
	For verbose messaging see aws.Config.CredentialsChainVerboseErrors
[36mINFO[0m[0001] Using dockerignore file: /workspace/source/.dockerignore 
[36mINFO[0m[0001] Retrieving image manifest openjdk:11-jre-slim 
E0811 11:13:51.090325       8 metadata.go:154] while reading 'google-dockercfg' metadata: http status code: 404 while fetching url http://metadata.google.internal./computeMetadata/v1/instance/attributes/google-dockercfg
E0811 11:13:51.093347       8 metadata.go:166] while reading 'google-dockercfg-url' metadata: http status code: 404 while fetching url http://metadata.google.internal./computeMetadata/v1/instance/attributes/google-dockercfg-url
[36mINFO[0m[0003] Retrieving image manifest openjdk:11-jre-slim 
[36mINFO[0m[0004] Built cross stage deps: map[]                
[36mINFO[0m[0004] Retrieving image manifest openjdk:11-jre-slim 
[36mINFO[0m[0005] Retrieving image manifest openjdk:11-jre-slim 
[36mINFO[0m[0006] Executing 0 build triggers                   
[36mINFO[0m[0006] cmd: EXPOSE                                  
[36mINFO[0m[0006] Adding exposed port: 8080/tcp                
[36mINFO[0m[0006] Resolving srcs [pom.xml target/lib*]...      
[36mINFO[0m[0006] Checking for cached layer gcr.io/camunda-researchanddevelopment/cache:2f5ac1dc040005e06593eab24ca6ea488188f18c07a16c00b6ff31eb8b76dc5c... 
[36mINFO[0m[0006] No cached layer found for cmd COPY pom.xml target/lib* /opt/lib/ 
[36mINFO[0m[0006] Resolving srcs [target/*.jar]...             
[36mINFO[0m[0006] Unpacking rootfs as cmd COPY pom.xml target/lib* /opt/lib/ requires it. 
[36mINFO[0m[0012] ENV PORT 8080                                
[36mINFO[0m[0012] No files changed in this command, skipping snapshotting. 
[36mINFO[0m[0012] ENV CLASSPATH /opt/lib                       
[36mINFO[0m[0012] No files changed in this command, skipping snapshotting. 
[36mINFO[0m[0012] EXPOSE 8080                                  
[36mINFO[0m[0012] cmd: EXPOSE                                  
[36mINFO[0m[0012] Adding exposed port: 8080/tcp                
[36mINFO[0m[0012] No files changed in this command, skipping snapshotting. 
[36mINFO[0m[0012] Resolving srcs [pom.xml target/lib*]...      
[36mINFO[0m[0012] COPY pom.xml target/lib* /opt/lib/           
[36mINFO[0m[0012] Resolving srcs [pom.xml target/lib*]...      
[36mINFO[0m[0012] Resolving 1 paths                            
[36mINFO[0m[0012] Taking snapshot of files...                  
[36mINFO[0m[0012] Resolving srcs [target/*.jar]...             
[36mINFO[0m[0012] Pushing layer gcr.io/camunda-researchanddevelopment/cache:2f5ac1dc040005e06593eab24ca6ea488188f18c07a16c00b6ff31eb8b76dc5c to cache now 
[36mINFO[0m[0012] COPY target/*.jar /opt/app.jar               
[36mINFO[0m[0012] Resolving srcs [target/*.jar]...             
[36mINFO[0m[0012] Resolving 1 paths                            
[36mINFO[0m[0012] Taking snapshot of files...                  
[36mINFO[0m[0013] WORKDIR /opt                                 
[36mINFO[0m[0013] cmd: workdir                                 
[36mINFO[0m[0013] Changed working directory to /opt            
[36mINFO[0m[0013] No files changed in this command, skipping snapshotting. 
[36mINFO[0m[0013] CMD ["java", "-jar", "app.jar"]              
[36mINFO[0m[0013] No files changed in this command, skipping snapshotting. 
[36mINFO[0m[0013] Pushing layer gcr.io/camunda-researchanddevelopment/cache:b75e89d6345f89a3463c5578699ec4c3f757675769021ec7e8503175ad0cb482 to cache now 

Showing logs for build [32msalaboy-queue-service-master-s2b7x-10[0m stage [32mfrom-build-pack[0m and container [32mstep-build-post-build[0m
no CVE provider running in the current ** namespace so skip adding image to be analysed

Showing logs for build [32msalaboy-queue-service-master-s2b7x-10[0m stage [32mfrom-build-pack[0m and container [32mstep-promote-changelog[0m
Converted /workspace/source/charts/queue-service to an unshallow repository
Generating change log from git ref fd2fe687529346dad68c930d652cb0d19ae21bc8 => e0b4e940e53c10f05ecafabf06a23ee5d3e5ada7
WARNING: No release found for *******/queue-service and tag v0.0.10 so creating a new release
Updated the release information at https://github.com/*******/queue-service/releases/tag/v0.0.10
generated: /workspace/source/charts/queue-service/templates/release.yaml
Created Release queue-service-0-0-10 resource in namespace **
Updating PipelineActivity *******-queue-service-master-10 with version 0.0.10
Updated PipelineActivities *******-queue-service-master-10 with release notes URL: https://github.com/*******/queue-service/releases/tag/v0.0.10

Showing logs for build [32msalaboy-queue-service-master-s2b7x-10[0m stage [32mfrom-build-pack[0m and container [32mstep-promote-helm-release[0m
WARNING: No $CHART_REPOSITORY defined so using the default value of: http://jenkins-x-chartmuseum:8080
Adding missing Helm repo: storage.googleapis.com https://storage.googleapis.com/chartmuseum.jenkins-x.io
Successfully added Helm repository storage.googleapis.com.
Adding missing Helm repo: jenkins-x-chartmuseum http://jenkins-x-chartmuseum:8080
Successfully added Helm repository jenkins-x-chartmuseum.
WARNING: No $CHART_REPOSITORY defined so using the default value of: http://jenkins-x-chartmuseum:8080
Uploading chart file queue-service-0.0.10.tgz to http://jenkins-x-chartmuseum:8080/api/charts
Received 201 response: {"saved":true}

Showing logs for build [32msalaboy-queue-service-master-s2b7x-10[0m stage [32mfrom-build-pack[0m and container [32mstep-promote-jx-promote[0m
WARNING: prow based install so skip waiting for the merge of Pull Requests to go green as currently there is an issue with gettingstatuses from the PR, see https://github.com/jenkins-x/**/issues/2410
WARNING: No $CHART_REPOSITORY defined so using the default value of: http://jenkins-x-chartmuseum:8080
Promoting app queue-service version 0.0.10 to namespace **-staging
Created Pull Request: https://github.com/*******/environment-zeebe-helm-new-staging/pull/86
Added label updatebot to Pull Request https://github.com/*******/environment-zeebe-helm-new-staging/pull/86
got git provider status pending from PR https://github.com/*******/environment-zeebe-helm-new-staging/pull/86
got git provider status pending from PR https://github.com/*******/environment-zeebe-helm-new-staging/pull/86
got git provider status pending from PR https://github.com/*******/environment-zeebe-helm-new-staging/pull/86
got git provider status pending from PR https://github.com/*******/environment-zeebe-helm-new-staging/pull/86
Pull Request https://github.com/*******/environment-zeebe-helm-new-staging/pull/86 is merged at sha cb800566f71d7d2ec4890cae1632c32aaa98b9b9
Pull Request merged but we are not waiting for the update pipeline to complete!
