
Showing logs for build [32msalaboy-queue-service-master-re-qdqjp-13[0m stage [32mfrom-build-pack[0m and container [32mcredential-initializer[0m
{"level":"info","ts":1597160745.627266,"caller":"creds-init/main.go:44","msg":"Credentials initialized."}

Showing logs for build [32msalaboy-queue-service-master-re-qdqjp-13[0m stage [32mfrom-build-pack[0m and container [32mworking-dir-initializer[0m

Showing logs for build [32msalaboy-queue-service-master-re-qdqjp-13[0m stage [32mfrom-build-pack[0m and container [32mplace-tools[0m

Showing logs for build [32msalaboy-queue-service-master-re-qdqjp-13[0m stage [32mfrom-build-pack[0m and container [32mstep-git-source-salaboy-queue-service-master-re-qdqjp-kmr2x[0m
{"level":"info","ts":1597160754.3348691,"caller":"git/git.go:105","msg":"Successfully cloned https://github.com/*******/queue-service.git @ v0.0.13 in path /workspace/source"}
{"level":"warn","ts":1597160754.3352184,"caller":"git/git.go:152","msg":"Unexpected error: creating symlink: symlink /tekton/home/.ssh /root/.ssh: file exists"}
{"level":"info","ts":1597160754.4442308,"caller":"git/git.go:133","msg":"Successfully initialized and updated submodules in path /workspace/source"}

Showing logs for build [32msalaboy-queue-service-master-re-qdqjp-13[0m stage [32mfrom-build-pack[0m and container [32mstep-setup-builder-home[0m

Showing logs for build [32msalaboy-queue-service-master-re-qdqjp-13[0m stage [32mfrom-build-pack[0m and container [32mstep-git-merge[0m
Using SHAs from PULL_REFS=master:ff5b5d2426706a322df941bd57598a0371e286d8
WARNING: no SHAs to merge, falling back to initial cloned commit

Showing logs for build [32msalaboy-queue-service-master-re-qdqjp-13[0m stage [32mfrom-build-pack[0m and container [32mstep-setup-jx-git-credentials[0m
Generated Git credentials file /workspace/xdg_config/git/credentials

Showing logs for build [32msalaboy-queue-service-master-re-qdqjp-13[0m stage [32mfrom-build-pack[0m and container [32mstep-build-mvn-deploy[0m
Picked up _JAVA_OPTIONS: -XX:+UnlockExperimentalVMOptions -Dsun.zip.disableMemoryMapping=true -XX:+UseParallelGC -XX:MinHeapFreeRatio=5 -XX:MaxHeapFreeRatio=10 -XX:GCTimeRatio=4 -XX:AdaptiveSizePolicyWeight=90 -Xms10m -Xmx192m
[INFO] Scanning for projects...
[INFO] 
[INFO] ------------------< com.*******.queue:queue-service >-------------------
[INFO] Building queue-service 0.0.13
[INFO] --------------------------------[ jar ]---------------------------------
[INFO] 
[INFO] --- maven-clean-plugin:3.1.0:clean (default-clean) @ queue-service ---
[INFO] 
[INFO] --- maven-resources-plugin:3.1.0:resources (default-resources) @ queue-service ---
[INFO] Using 'UTF-8' encoding to copy filtered resources.
[INFO] Copying 1 resource
[INFO] Copying 0 resource
[INFO] 
[INFO] --- maven-compiler-plugin:3.8.1:compile (default-compile) @ queue-service ---
[INFO] Changes detected - recompiling the module!
[INFO] Compiling 2 source files to /workspace/source/target/classes
[INFO] 
[INFO] --- maven-resources-plugin:3.1.0:testResources (default-testResources) @ queue-service ---
[INFO] Using 'UTF-8' encoding to copy filtered resources.
[INFO] skip non existing resourceDirectory /workspace/source/src/test/resources
[INFO] 
[INFO] --- maven-compiler-plugin:3.8.1:testCompile (default-testCompile) @ queue-service ---
[INFO] Changes detected - recompiling the module!
[INFO] Compiling 1 source file to /workspace/source/target/test-classes
[INFO] 
[INFO] --- maven-surefire-plugin:3.0.0-M1:test (default-test) @ queue-service ---
[INFO] 
[INFO] -------------------------------------------------------
[INFO]  T E S T S
[INFO] -------------------------------------------------------
[INFO] Running com.*******.queue.service.QueueServiceApplicationTests
15:46:29.467 [main] DEBUG org.springframework.test.context.BootstrapUtils - Instantiating CacheAwareContextLoaderDelegate from class [org.springframework.test.context.cache.DefaultCacheAwareContextLoaderDelegate]
15:46:29.543 [main] DEBUG org.springframework.test.context.BootstrapUtils - Instantiating BootstrapContext using constructor [public org.springframework.test.context.support.DefaultBootstrapContext(java.lang.Class,org.springframework.test.context.CacheAwareContextLoaderDelegate)]
15:46:29.663 [main] DEBUG org.springframework.test.context.BootstrapUtils - Instantiating TestContextBootstrapper for test class [com.*******.queue.service.QueueServiceApplicationTests] from class [org.springframework.boot.test.context.SpringBootTestContextBootstrapper]
15:46:29.709 [main] INFO org.springframework.boot.test.context.SpringBootTestContextBootstrapper - Neither @ContextConfiguration nor @ContextHierarchy found for test class [com.*******.queue.service.QueueServiceApplicationTests], using SpringBootContextLoader
15:46:29.733 [main] DEBUG org.springframework.test.context.support.AbstractContextLoader - Did not detect default resource location for test class [com.*******.queue.service.QueueServiceApplicationTests]: class path resource [com/*******/queue/service/QueueServiceApplicationTests-context.xml] does not exist
15:46:29.741 [main] DEBUG org.springframework.test.context.support.AbstractContextLoader - Did not detect default resource location for test class [com.*******.queue.service.QueueServiceApplicationTests]: class path resource [com/*******/queue/service/QueueServiceApplicationTestsContext.groovy] does not exist
15:46:29.751 [main] INFO org.springframework.test.context.support.AbstractContextLoader - Could not detect default resource locations for test class [com.*******.queue.service.QueueServiceApplicationTests]: no resource found for suffixes {-context.xml, Context.groovy}.
15:46:29.772 [main] INFO org.springframework.test.context.support.AnnotationConfigContextLoaderUtils - Could not detect default configuration classes for test class [com.*******.queue.service.QueueServiceApplicationTests]: QueueServiceApplicationTests does not declare any static, non-private, non-final, nested classes annotated with @Configuration.
15:46:29.994 [main] DEBUG org.springframework.test.context.support.ActiveProfilesUtils - Could not find an 'annotation declaring class' for annotation type [org.springframework.test.context.ActiveProfiles] and class [com.*******.queue.service.QueueServiceApplicationTests]
15:46:30.338 [main] DEBUG org.springframework.context.annotation.ClassPathScanningCandidateComponentProvider - Identified candidate component class: file [/workspace/source/target/classes/com/*******/queue/service/QueueServiceApplication.class]
15:46:30.363 [main] INFO org.springframework.boot.test.context.SpringBootTestContextBootstrapper - Found @SpringBootConfiguration com.*******.queue.service.QueueServiceApplication for test class com.*******.queue.service.QueueServiceApplicationTests
15:46:30.854 [main] DEBUG org.springframework.boot.test.context.SpringBootTestContextBootstrapper - @TestExecutionListeners is not present for class [com.*******.queue.service.QueueServiceApplicationTests]: using defaults.
15:46:30.867 [main] INFO org.springframework.boot.test.context.SpringBootTestContextBootstrapper - Loaded default TestExecutionListener class names from location [META-INF/spring.factories]: [org.springframework.boot.test.mock.mockito.MockitoTestExecutionListener, org.springframework.boot.test.mock.mockito.ResetMocksTestExecutionListener, org.springframework.boot.test.autoconfigure.restdocs.RestDocsTestExecutionListener, org.springframework.boot.test.autoconfigure.web.client.MockRestServiceServerResetTestExecutionListener, org.springframework.boot.test.autoconfigure.web.servlet.MockMvcPrintOnlyOnFailureTestExecutionListener, org.springframework.boot.test.autoconfigure.web.servlet.WebDriverTestExecutionListener, org.springframework.test.context.web.ServletTestExecutionListener, org.springframework.test.context.support.DirtiesContextBeforeModesTestExecutionListener, org.springframework.test.context.support.DependencyInjectionTestExecutionListener, org.springframework.test.context.support.DirtiesContextTestExecutionListener, org.springframework.test.context.transaction.TransactionalTestExecutionListener, org.springframework.test.context.jdbc.SqlScriptsTestExecutionListener, org.springframework.test.context.event.EventPublishingTestExecutionListener]
15:46:30.904 [main] DEBUG org.springframework.boot.test.context.SpringBootTestContextBootstrapper - Skipping candidate TestExecutionListener [org.springframework.test.context.web.ServletTestExecutionListener] due to a missing dependency. Specify custom listener classes or make the default listener classes and their required dependencies available. Offending class: [javax/servlet/ServletContext]
15:46:30.910 [main] DEBUG org.springframework.boot.test.context.SpringBootTestContextBootstrapper - Skipping candidate TestExecutionListener [org.springframework.test.context.transaction.TransactionalTestExecutionListener] due to a missing dependency. Specify custom listener classes or make the default listener classes and their required dependencies available. Offending class: [org/springframework/transaction/interceptor/TransactionAttributeSource]
15:46:30.920 [main] DEBUG org.springframework.boot.test.context.SpringBootTestContextBootstrapper - Skipping candidate TestExecutionListener [org.springframework.test.context.jdbc.SqlScriptsTestExecutionListener] due to a missing dependency. Specify custom listener classes or make the default listener classes and their required dependencies available. Offending class: [org/springframework/transaction/interceptor/TransactionAttribute]
15:46:30.927 [main] INFO org.springframework.boot.test.context.SpringBootTestContextBootstrapper - Using TestExecutionListeners: [org.springframework.test.context.support.DirtiesContextBeforeModesTestExecutionListener@41dd05a, org.springframework.boot.test.mock.mockito.MockitoTestExecutionListener@613a8ee1, org.springframework.boot.test.autoconfigure.SpringBootDependencyInjectionTestExecutionListener@178213b, org.springframework.test.context.support.DirtiesContextTestExecutionListener@7103cb56, org.springframework.test.context.event.EventPublishingTestExecutionListener@1b765a2c, org.springframework.boot.test.mock.mockito.ResetMocksTestExecutionListener@2e8e8225, org.springframework.boot.test.autoconfigure.restdocs.RestDocsTestExecutionListener@6ebf0f36, org.springframework.boot.test.autoconfigure.web.client.MockRestServiceServerResetTestExecutionListener@18920cc, org.springframework.boot.test.autoconfigure.web.servlet.MockMvcPrintOnlyOnFailureTestExecutionListener@2807bdeb, org.springframework.boot.test.autoconfigure.web.servlet.WebDriverTestExecutionListener@72c28d64]
15:46:30.951 [main] DEBUG org.springframework.test.context.support.AbstractDirtiesContextTestExecutionListener - Before test class: context [DefaultTestContext@674bd420 testClass = QueueServiceApplicationTests, testInstance = [null], testMethod = [null], testException = [null], mergedContextConfiguration = [ReactiveWebMergedContextConfiguration@2b0f373b testClass = QueueServiceApplicationTests, locations = '{}', classes = '{class com.*******.queue.service.QueueServiceApplication}', contextInitializerClasses = '[]', activeProfiles = '{}', propertySourceLocations = '{}', propertySourceProperties = '{org.springframework.boot.test.context.SpringBootTestContextBootstrapper=true}', contextCustomizers = set[org.springframework.boot.test.context.filter.ExcludeFilterContextCustomizer@f58853c, org.springframework.boot.test.json.DuplicateJsonObjectContextCustomizerFactory$DuplicateJsonObjectContextCustomizer@700fb871, org.springframework.boot.test.mock.mockito.MockitoContextCustomizer@0, org.springframework.boot.test.web.client.TestRestTemplateContextCustomizer@3bcd05cb, org.springframework.boot.test.web.reactive.server.WebTestClientContextCustomizer@60db1c0e, org.springframework.boot.test.autoconfigure.properties.PropertyMappingContextCustomizer@0, org.springframework.boot.test.autoconfigure.web.servlet.WebDriverContextCustomizerFactory$Customizer@78fa769e], contextLoader = 'org.springframework.boot.test.context.SpringBootContextLoader', parent = [null]], attributes = map[[empty]]], class annotated with @DirtiesContext [false] with mode [null].
15:46:31.008 [main] DEBUG org.springframework.test.context.support.DependencyInjectionTestExecutionListener - Performing dependency injection for test context [[DefaultTestContext@674bd420 testClass = QueueServiceApplicationTests, testInstance = com.*******.queue.service.QueueServiceApplicationTests@37052337, testMethod = [null], testException = [null], mergedContextConfiguration = [ReactiveWebMergedContextConfiguration@2b0f373b testClass = QueueServiceApplicationTests, locations = '{}', classes = '{class com.*******.queue.service.QueueServiceApplication}', contextInitializerClasses = '[]', activeProfiles = '{}', propertySourceLocations = '{}', propertySourceProperties = '{org.springframework.boot.test.context.SpringBootTestContextBootstrapper=true}', contextCustomizers = set[org.springframework.boot.test.context.filter.ExcludeFilterContextCustomizer@f58853c, org.springframework.boot.test.json.DuplicateJsonObjectContextCustomizerFactory$DuplicateJsonObjectContextCustomizer@700fb871, org.springframework.boot.test.mock.mockito.MockitoContextCustomizer@0, org.springframework.boot.test.web.client.TestRestTemplateContextCustomizer@3bcd05cb, org.springframework.boot.test.web.reactive.server.WebTestClientContextCustomizer@60db1c0e, org.springframework.boot.test.autoconfigure.properties.PropertyMappingContextCustomizer@0, org.springframework.boot.test.autoconfigure.web.servlet.WebDriverContextCustomizerFactory$Customizer@78fa769e], contextLoader = 'org.springframework.boot.test.context.SpringBootContextLoader', parent = [null]], attributes = map[[empty]]]].
15:46:31.098 [main] DEBUG org.springframework.test.context.support.TestPropertySourceUtils - Adding inlined properties to environment: {spring.jmx.enabled=false, org.springframework.boot.test.context.SpringBootTestContextBootstrapper=true, server.port=-1}

  .   ____          _            __ _ _
 /\\ / ___'_ __ _ _(_)_ __  __ _ \ \ \ \
( ( )\___ | '_ | '_| | '_ \/ _` | \ \ \ \
 \\/  ___)| |_)| | | | | || (_| |  ) ) ) )
  '  |____| .__|_| |_|_| |_\__, | / / / /
 =========|_|==============|___/=/_/_/_/
 :: Spring Boot ::        (v2.2.6.RELEASE)

2020-08-11 15:46:32.050  INFO 70 --- [           main] c.s.q.s.QueueServiceApplicationTests     : Starting QueueServiceApplicationTests on *******-queue-service-master-re-qdqjp-13-from-build-pack--rplz9 with PID 70 (started by root in /workspace/source)
2020-08-11 15:46:32.061  INFO 70 --- [           main] c.s.q.s.QueueServiceApplicationTests     : No active profile set, falling back to default profiles: default
2020-08-11 15:46:36.049  INFO 70 --- [           main] c.s.q.service.QueueServiceApplication    : > Queue Init!
2020-08-11 15:46:36.069  INFO 70 --- [          queue] c.s.q.service.QueueServiceApplication    : The Queue is empty!
2020-08-11 15:46:38.796  INFO 70 --- [           main] o.s.b.a.e.web.EndpointLinksResolver      : Exposing 2 endpoint(s) beneath base path '/actuator'
2020-08-11 15:46:40.855  INFO 70 --- [           main] c.s.q.s.QueueServiceApplicationTests     : Started QueueServiceApplicationTests in 9.732 seconds (JVM running for 13.903)
[INFO] Tests run: 1, Failures: 0, Errors: 0, Skipped: 0, Time elapsed: 12.844 s - in com.*******.queue.service.QueueServiceApplicationTests
[INFO] 
[INFO] Results:
[INFO] 
[INFO] Tests run: 1, Failures: 0, Errors: 0, Skipped: 0
[INFO] 
[INFO] 
[INFO] --- maven-jar-plugin:3.1.2:jar (default-jar) @ queue-service ---
[INFO] Building jar: /workspace/source/target/queue-service-0.0.13.jar
[INFO] 
[INFO] --- spring-boot-maven-plugin:2.2.6.RELEASE:repackage (repackage) @ queue-service ---
[INFO] Replacing main artifact with repackaged archive
[INFO] 
[INFO] --- maven-install-plugin:2.5.2:install (default-install) @ queue-service ---
[INFO] Installing /workspace/source/target/queue-service-0.0.13.jar to /home/jenkins/.mvnrepository/com/*******/queue/queue-service/0.0.13/queue-service-0.0.13.jar
[INFO] Installing /workspace/source/pom.xml to /home/jenkins/.mvnrepository/com/*******/queue/queue-service/0.0.13/queue-service-0.0.13.pom
[INFO] 
[INFO] --- maven-deploy-plugin:2.8.2:deploy (default-deploy) @ queue-service ---
[INFO] Using alternate deployment repository local-nexus::default::http://nexus/repository/maven-releases/
[INFO] ------------------------------------------------------------------------
[INFO] BUILD SUCCESS
[INFO] ------------------------------------------------------------------------
[INFO] Total time:  46.284 s
[INFO] Finished at: 2020-08-11T15:46:47Z
[INFO] ------------------------------------------------------------------------

Showing logs for build [32msalaboy-queue-service-master-re-qdqjp-13[0m stage [32mfrom-build-pack[0m and container [32mstep-build-skaffold-version[0m
v1.0.1

Showing logs for build [32msalaboy-queue-service-master-re-qdqjp-13[0m stage [32mfrom-build-pack[0m and container [32mstep-build-container-build[0m
E0811 15:46:49.836416       8 aws_credentials.go:77] while getting AWS credentials NoCredentialProviders: no valid providers in chain. Deprecated.
	For verbose messaging see aws.Config.CredentialsChainVerboseErrors
[36mINFO[0m[0001] Using dockerignore file: /workspace/source/.dockerignore 
[36mINFO[0m[0001] Retrieving image manifest openjdk:11-jre-slim 
E0811 15:46:50.427077       8 metadata.go:154] while reading 'google-dockercfg' metadata: http status code: 404 while fetching url http://metadata.google.internal./computeMetadata/v1/instance/attributes/google-dockercfg
E0811 15:46:50.431029       8 metadata.go:166] while reading 'google-dockercfg-url' metadata: http status code: 404 while fetching url http://metadata.google.internal./computeMetadata/v1/instance/attributes/google-dockercfg-url
[36mINFO[0m[0002] Retrieving image manifest openjdk:11-jre-slim 
[36mINFO[0m[0003] Built cross stage deps: map[]                
[36mINFO[0m[0003] Retrieving image manifest openjdk:11-jre-slim 
[36mINFO[0m[0004] Retrieving image manifest openjdk:11-jre-slim 
[36mINFO[0m[0005] Executing 0 build triggers                   
[36mINFO[0m[0005] cmd: EXPOSE                                  
[36mINFO[0m[0005] Adding exposed port: 8080/tcp                
[36mINFO[0m[0005] Resolving srcs [pom.xml target/lib*]...      
[36mINFO[0m[0005] Checking for cached layer gcr.io/camunda-researchanddevelopment/cache:2325e3874622c42fdddc51a6d4ace0537f91ace27a6e720e78776e0c35a5531a... 
[36mINFO[0m[0006] No cached layer found for cmd COPY pom.xml target/lib* /opt/lib/ 
[36mINFO[0m[0006] Resolving srcs [target/*.jar]...             
[36mINFO[0m[0006] Unpacking rootfs as cmd COPY pom.xml target/lib* /opt/lib/ requires it. 
[36mINFO[0m[0011] ENV PORT 8080                                
[36mINFO[0m[0011] No files changed in this command, skipping snapshotting. 
[36mINFO[0m[0011] ENV CLASSPATH /opt/lib                       
[36mINFO[0m[0011] No files changed in this command, skipping snapshotting. 
[36mINFO[0m[0011] EXPOSE 8080                                  
[36mINFO[0m[0011] cmd: EXPOSE                                  
[36mINFO[0m[0011] Adding exposed port: 8080/tcp                
[36mINFO[0m[0011] No files changed in this command, skipping snapshotting. 
[36mINFO[0m[0011] Resolving srcs [pom.xml target/lib*]...      
[36mINFO[0m[0011] COPY pom.xml target/lib* /opt/lib/           
[36mINFO[0m[0011] Resolving srcs [pom.xml target/lib*]...      
[36mINFO[0m[0011] Resolving 1 paths                            
[36mINFO[0m[0011] Taking snapshot of files...                  
[36mINFO[0m[0011] Resolving srcs [target/*.jar]...             
[36mINFO[0m[0011] Pushing layer gcr.io/camunda-researchanddevelopment/cache:2325e3874622c42fdddc51a6d4ace0537f91ace27a6e720e78776e0c35a5531a to cache now 
[36mINFO[0m[0011] COPY target/*.jar /opt/app.jar               
[36mINFO[0m[0011] Resolving srcs [target/*.jar]...             
[36mINFO[0m[0011] Resolving 1 paths                            
[36mINFO[0m[0011] Taking snapshot of files...                  
[36mINFO[0m[0012] Pushing layer gcr.io/camunda-researchanddevelopment/cache:48a11d50e6e9f36540afb58da0bb01bb95e17e0ff6c218ab634592acf9e20ca8 to cache now 
[36mINFO[0m[0012] WORKDIR /opt                                 
[36mINFO[0m[0012] cmd: workdir                                 
[36mINFO[0m[0012] Changed working directory to /opt            
[36mINFO[0m[0012] No files changed in this command, skipping snapshotting. 
[36mINFO[0m[0012] CMD ["java", "-jar", "app.jar"]              
[36mINFO[0m[0012] No files changed in this command, skipping snapshotting. 

Showing logs for build [32msalaboy-queue-service-master-re-qdqjp-13[0m stage [32mfrom-build-pack[0m and container [32mstep-build-post-build[0m
no CVE provider running in the current ** namespace so skip adding image to be analysed

Showing logs for build [32msalaboy-queue-service-master-re-qdqjp-13[0m stage [32mfrom-build-pack[0m and container [32mstep-promote-changelog[0m
Converted /workspace/source/charts/queue-service to an unshallow repository
Generating change log from git ref 8068e9f319928b0a582139dcf146432137faf9d8 => 95dcf22c3eebcb84fcb3285e4a281c9ac262ec0b
Associating user ******* in users.jenkins.io with email *******@gmail.com to git GitProvider user with login *******-1 as emails match
Adding label jenkins.io/git-github-userid=*******-1 to user ******* in users.jenkins.io
Associating user ******* in users.jenkins.io with email *******@gmail.com to git GitProvider user with login *******-1 as emails match
Adding label jenkins.io/git-github-userid=*******-1 to user ******* in users.jenkins.io
Finding issues in commit messages using git format
WARNING: No release found for *******/queue-service and tag v0.0.13 so creating a new release
Updated the release information at https://github.com/*******/queue-service/releases/tag/v0.0.13
generated: /workspace/source/charts/queue-service/templates/release.yaml
Created Release queue-service-0-0-13 resource in namespace **
Updating PipelineActivity *******-queue-service-master-13 with version 0.0.13
Updated PipelineActivities *******-queue-service-master-13 with release notes URL: https://github.com/*******/queue-service/releases/tag/v0.0.13

Showing logs for build [32msalaboy-queue-service-master-re-qdqjp-13[0m stage [32mfrom-build-pack[0m and container [32mstep-promote-helm-release[0m
WARNING: No $CHART_REPOSITORY defined so using the default value of: http://jenkins-x-chartmuseum:8080
Adding missing Helm repo: storage.googleapis.com https://storage.googleapis.com/chartmuseum.jenkins-x.io
Successfully added Helm repository storage.googleapis.com.
Adding missing Helm repo: jenkins-x-chartmuseum http://jenkins-x-chartmuseum:8080
Successfully added Helm repository jenkins-x-chartmuseum.
WARNING: No $CHART_REPOSITORY defined so using the default value of: http://jenkins-x-chartmuseum:8080
Uploading chart file queue-service-0.0.13.tgz to http://jenkins-x-chartmuseum:8080/api/charts
Received 201 response: {"saved":true}

Showing logs for build [32msalaboy-queue-service-master-re-qdqjp-13[0m stage [32mfrom-build-pack[0m and container [32mstep-promote-jx-promote[0m
WARNING: prow based install so skip waiting for the merge of Pull Requests to go green as currently there is an issue with gettingstatuses from the PR, see https://github.com/jenkins-x/**/issues/2410
WARNING: No $CHART_REPOSITORY defined so using the default value of: http://jenkins-x-chartmuseum:8080
Promoting app queue-service version 0.0.13 to namespace **-staging
Created Pull Request: https://github.com/*******/environment-zeebe-helm-new-staging/pull/95
Added label updatebot to Pull Request https://github.com/*******/environment-zeebe-helm-new-staging/pull/95
got git provider status pending from PR https://github.com/*******/environment-zeebe-helm-new-staging/pull/95
Pull Request https://github.com/*******/environment-zeebe-helm-new-staging/pull/95 is merged at sha 87d34922aa611852700438e5f4b6810685764570
Pull Request merged but we are not waiting for the update pipeline to complete!
