
Showing logs for build [32msalaboy-queue-service-master-re-gtckk-35[0m stage [32mfrom-build-pack[0m and container [32mcredential-initializer[0m
{"level":"info","ts":1599723447.8565385,"caller":"creds-init/main.go:44","msg":"Credentials initialized."}

Showing logs for build [32msalaboy-queue-service-master-re-gtckk-35[0m stage [32mfrom-build-pack[0m and container [32mworking-dir-initializer[0m

Showing logs for build [32msalaboy-queue-service-master-re-gtckk-35[0m stage [32mfrom-build-pack[0m and container [32mplace-tools[0m

Showing logs for build [32msalaboy-queue-service-master-re-gtckk-35[0m stage [32mfrom-build-pack[0m and container [32mstep-git-source-salaboy-queue-service-master-re-gtckk-4hwng[0m
{"level":"info","ts":1599723457.8233557,"caller":"git/git.go:105","msg":"Successfully cloned https://github.com/*******/queue-service.git @ v0.0.35 in path /workspace/source"}
{"level":"warn","ts":1599723457.838065,"caller":"git/git.go:152","msg":"Unexpected error: creating symlink: symlink /tekton/home/.ssh /root/.ssh: file exists"}
{"level":"info","ts":1599723458.0353906,"caller":"git/git.go:133","msg":"Successfully initialized and updated submodules in path /workspace/source"}

Showing logs for build [32msalaboy-queue-service-master-re-gtckk-35[0m stage [32mfrom-build-pack[0m and container [32mstep-setup-builder-home[0m

Showing logs for build [32msalaboy-queue-service-master-re-gtckk-35[0m stage [32mfrom-build-pack[0m and container [32mstep-git-merge[0m
Using SHAs from PULL_REFS=master:feaf8f6363164bf1b3044aa6e1038dd1d040078c
WARNING: no SHAs to merge, falling back to initial cloned commit

Showing logs for build [32msalaboy-queue-service-master-re-gtckk-35[0m stage [32mfrom-build-pack[0m and container [32mstep-setup-jx-git-credentials[0m
Generated Git credentials file /workspace/xdg_config/git/credentials

Showing logs for build [32msalaboy-queue-service-master-re-gtckk-35[0m stage [32mfrom-build-pack[0m and container [32mstep-build-mvn-deploy[0m
Picked up _JAVA_OPTIONS: -XX:+UnlockExperimentalVMOptions -Dsun.zip.disableMemoryMapping=true -XX:+UseParallelGC -XX:MinHeapFreeRatio=5 -XX:MaxHeapFreeRatio=10 -XX:GCTimeRatio=4 -XX:AdaptiveSizePolicyWeight=90 -Xms10m -Xmx192m
[INFO] Scanning for projects...
[INFO] 
[INFO] ------------------< com.*******.queue:queue-service >-------------------
[INFO] Building queue-service 0.0.35
[INFO] --------------------------------[ jar ]---------------------------------
[INFO] 
[INFO] --- maven-clean-plugin:3.1.0:clean (default-clean) @ queue-service ---
[INFO] 
[INFO] --- maven-resources-plugin:3.1.0:resources (default-resources) @ queue-service ---
[INFO] Using 'UTF-8' encoding to copy filtered resources.
[INFO] Copying 1 resource
[INFO] Copying 0 resource
[INFO] 
[INFO] --- maven-compiler-plugin:3.8.1:compile (default-compile) @ queue-service ---
[INFO] Changes detected - recompiling the module!
[INFO] Compiling 3 source files to /workspace/source/target/classes
[INFO] 
[INFO] --- maven-resources-plugin:3.1.0:testResources (default-testResources) @ queue-service ---
[INFO] Using 'UTF-8' encoding to copy filtered resources.
[INFO] skip non existing resourceDirectory /workspace/source/src/test/resources
[INFO] 
[INFO] --- maven-compiler-plugin:3.8.1:testCompile (default-testCompile) @ queue-service ---
[INFO] Changes detected - recompiling the module!
[INFO] Compiling 1 source file to /workspace/source/target/test-classes
[INFO] 
[INFO] --- maven-surefire-plugin:3.0.0-M1:test (default-test) @ queue-service ---
[INFO] 
[INFO] -------------------------------------------------------
[INFO]  T E S T S
[INFO] -------------------------------------------------------
[INFO] Running com.*******.queue.service.QueueServiceApplicationTests
07:38:17.053 [main] DEBUG org.springframework.test.context.BootstrapUtils - Instantiating CacheAwareContextLoaderDelegate from class [org.springframework.test.context.cache.DefaultCacheAwareContextLoaderDelegate]
07:38:17.119 [main] DEBUG org.springframework.test.context.BootstrapUtils - Instantiating BootstrapContext using constructor [public org.springframework.test.context.support.DefaultBootstrapContext(java.lang.Class,org.springframework.test.context.CacheAwareContextLoaderDelegate)]
07:38:17.277 [main] DEBUG org.springframework.test.context.BootstrapUtils - Instantiating TestContextBootstrapper for test class [com.*******.queue.service.QueueServiceApplicationTests] from class [org.springframework.boot.test.context.SpringBootTestContextBootstrapper]
07:38:17.334 [main] INFO org.springframework.boot.test.context.SpringBootTestContextBootstrapper - Neither @ContextConfiguration nor @ContextHierarchy found for test class [com.*******.queue.service.QueueServiceApplicationTests], using SpringBootContextLoader
07:38:17.357 [main] DEBUG org.springframework.test.context.support.AbstractContextLoader - Did not detect default resource location for test class [com.*******.queue.service.QueueServiceApplicationTests]: class path resource [com/*******/queue/service/QueueServiceApplicationTests-context.xml] does not exist
07:38:17.363 [main] DEBUG org.springframework.test.context.support.AbstractContextLoader - Did not detect default resource location for test class [com.*******.queue.service.QueueServiceApplicationTests]: class path resource [com/*******/queue/service/QueueServiceApplicationTestsContext.groovy] does not exist
07:38:17.370 [main] INFO org.springframework.test.context.support.AbstractContextLoader - Could not detect default resource locations for test class [com.*******.queue.service.QueueServiceApplicationTests]: no resource found for suffixes {-context.xml, Context.groovy}.
07:38:17.387 [main] INFO org.springframework.test.context.support.AnnotationConfigContextLoaderUtils - Could not detect default configuration classes for test class [com.*******.queue.service.QueueServiceApplicationTests]: QueueServiceApplicationTests does not declare any static, non-private, non-final, nested classes annotated with @Configuration.
07:38:17.536 [main] DEBUG org.springframework.test.context.support.ActiveProfilesUtils - Could not find an 'annotation declaring class' for annotation type [org.springframework.test.context.ActiveProfiles] and class [com.*******.queue.service.QueueServiceApplicationTests]
07:38:17.851 [main] DEBUG org.springframework.context.annotation.ClassPathScanningCandidateComponentProvider - Identified candidate component class: file [/workspace/source/target/classes/com/*******/queue/service/QueueServiceApplication.class]
07:38:17.865 [main] INFO org.springframework.boot.test.context.SpringBootTestContextBootstrapper - Found @SpringBootConfiguration com.*******.queue.service.QueueServiceApplication for test class com.*******.queue.service.QueueServiceApplicationTests
07:38:18.273 [main] DEBUG org.springframework.boot.test.context.SpringBootTestContextBootstrapper - @TestExecutionListeners is not present for class [com.*******.queue.service.QueueServiceApplicationTests]: using defaults.
07:38:18.279 [main] INFO org.springframework.boot.test.context.SpringBootTestContextBootstrapper - Loaded default TestExecutionListener class names from location [META-INF/spring.factories]: [org.springframework.boot.test.mock.mockito.MockitoTestExecutionListener, org.springframework.boot.test.mock.mockito.ResetMocksTestExecutionListener, org.springframework.boot.test.autoconfigure.restdocs.RestDocsTestExecutionListener, org.springframework.boot.test.autoconfigure.web.client.MockRestServiceServerResetTestExecutionListener, org.springframework.boot.test.autoconfigure.web.servlet.MockMvcPrintOnlyOnFailureTestExecutionListener, org.springframework.boot.test.autoconfigure.web.servlet.WebDriverTestExecutionListener, org.springframework.test.context.web.ServletTestExecutionListener, org.springframework.test.context.support.DirtiesContextBeforeModesTestExecutionListener, org.springframework.test.context.support.DependencyInjectionTestExecutionListener, org.springframework.test.context.support.DirtiesContextTestExecutionListener, org.springframework.test.context.transaction.TransactionalTestExecutionListener, org.springframework.test.context.jdbc.SqlScriptsTestExecutionListener, org.springframework.test.context.event.EventPublishingTestExecutionListener]
07:38:18.341 [main] DEBUG org.springframework.boot.test.context.SpringBootTestContextBootstrapper - Skipping candidate TestExecutionListener [org.springframework.test.context.web.ServletTestExecutionListener] due to a missing dependency. Specify custom listener classes or make the default listener classes and their required dependencies available. Offending class: [javax/servlet/ServletContext]
07:38:18.347 [main] DEBUG org.springframework.boot.test.context.SpringBootTestContextBootstrapper - Skipping candidate TestExecutionListener [org.springframework.test.context.transaction.TransactionalTestExecutionListener] due to a missing dependency. Specify custom listener classes or make the default listener classes and their required dependencies available. Offending class: [org/springframework/transaction/TransactionDefinition]
07:38:18.359 [main] DEBUG org.springframework.boot.test.context.SpringBootTestContextBootstrapper - Skipping candidate TestExecutionListener [org.springframework.test.context.jdbc.SqlScriptsTestExecutionListener] due to a missing dependency. Specify custom listener classes or make the default listener classes and their required dependencies available. Offending class: [org/springframework/transaction/interceptor/TransactionAttribute]
07:38:18.364 [main] INFO org.springframework.boot.test.context.SpringBootTestContextBootstrapper - Using TestExecutionListeners: [org.springframework.test.context.support.DirtiesContextBeforeModesTestExecutionListener@18920cc, org.springframework.boot.test.mock.mockito.MockitoTestExecutionListener@2807bdeb, org.springframework.boot.test.autoconfigure.SpringBootDependencyInjectionTestExecutionListener@72c28d64, org.springframework.test.context.support.DirtiesContextTestExecutionListener@6492fab5, org.springframework.test.context.event.EventPublishingTestExecutionListener@2c5529ab, org.springframework.boot.test.mock.mockito.ResetMocksTestExecutionListener@39a8312f, org.springframework.boot.test.autoconfigure.restdocs.RestDocsTestExecutionListener@5f6722d3, org.springframework.boot.test.autoconfigure.web.client.MockRestServiceServerResetTestExecutionListener@2c532cd8, org.springframework.boot.test.autoconfigure.web.servlet.MockMvcPrintOnlyOnFailureTestExecutionListener@294e5088, org.springframework.boot.test.autoconfigure.web.servlet.WebDriverTestExecutionListener@51972dc7]
07:38:18.383 [main] DEBUG org.springframework.test.context.support.AbstractDirtiesContextTestExecutionListener - Before test class: context [DefaultTestContext@35a9782c testClass = QueueServiceApplicationTests, testInstance = [null], testMethod = [null], testException = [null], mergedContextConfiguration = [ReactiveWebMergedContextConfiguration@70a36a66 testClass = QueueServiceApplicationTests, locations = '{}', classes = '{class com.*******.queue.service.QueueServiceApplication}', contextInitializerClasses = '[]', activeProfiles = '{}', propertySourceLocations = '{}', propertySourceProperties = '{org.springframework.boot.test.context.SpringBootTestContextBootstrapper=true}', contextCustomizers = set[org.springframework.boot.test.context.filter.ExcludeFilterContextCustomizer@f58853c, org.springframework.boot.test.json.DuplicateJsonObjectContextCustomizerFactory$DuplicateJsonObjectContextCustomizer@700fb871, org.springframework.boot.test.mock.mockito.MockitoContextCustomizer@0, org.springframework.boot.test.web.client.TestRestTemplateContextCustomizer@3bcd05cb, org.springframework.boot.test.web.reactive.server.WebTestClientContextCustomizer@60db1c0e, org.springframework.boot.test.autoconfigure.properties.PropertyMappingContextCustomizer@0, org.springframework.boot.test.autoconfigure.web.servlet.WebDriverContextCustomizerFactory$Customizer@78fa769e], contextLoader = 'org.springframework.boot.test.context.SpringBootContextLoader', parent = [null]], attributes = map[[empty]]], class annotated with @DirtiesContext [false] with mode [null].
07:38:18.451 [main] DEBUG org.springframework.test.context.support.DependencyInjectionTestExecutionListener - Performing dependency injection for test context [[DefaultTestContext@35a9782c testClass = QueueServiceApplicationTests, testInstance = com.*******.queue.service.QueueServiceApplicationTests@616fe72b, testMethod = [null], testException = [null], mergedContextConfiguration = [ReactiveWebMergedContextConfiguration@70a36a66 testClass = QueueServiceApplicationTests, locations = '{}', classes = '{class com.*******.queue.service.QueueServiceApplication}', contextInitializerClasses = '[]', activeProfiles = '{}', propertySourceLocations = '{}', propertySourceProperties = '{org.springframework.boot.test.context.SpringBootTestContextBootstrapper=true}', contextCustomizers = set[org.springframework.boot.test.context.filter.ExcludeFilterContextCustomizer@f58853c, org.springframework.boot.test.json.DuplicateJsonObjectContextCustomizerFactory$DuplicateJsonObjectContextCustomizer@700fb871, org.springframework.boot.test.mock.mockito.MockitoContextCustomizer@0, org.springframework.boot.test.web.client.TestRestTemplateContextCustomizer@3bcd05cb, org.springframework.boot.test.web.reactive.server.WebTestClientContextCustomizer@60db1c0e, org.springframework.boot.test.autoconfigure.properties.PropertyMappingContextCustomizer@0, org.springframework.boot.test.autoconfigure.web.servlet.WebDriverContextCustomizerFactory$Customizer@78fa769e], contextLoader = 'org.springframework.boot.test.context.SpringBootContextLoader', parent = [null]], attributes = map[[empty]]]].
07:38:18.572 [main] DEBUG org.springframework.test.context.support.TestPropertySourceUtils - Adding inlined properties to environment: {spring.jmx.enabled=false, org.springframework.boot.test.context.SpringBootTestContextBootstrapper=true, server.port=-1}

  .   ____          _            __ _ _
 /\\ / ___'_ __ _ _(_)_ __  __ _ \ \ \ \
( ( )\___ | '_ | '_| | '_ \/ _` | \ \ \ \
 \\/  ___)| |_)| | | | | || (_| |  ) ) ) )
  '  |____| .__|_| |_|_| |_\__, | / / / /
 =========|_|==============|___/=/_/_/_/
 :: Spring Boot ::        (v2.2.6.RELEASE)

2020-09-10 07:38:19.536  INFO 71 --- [           main] c.s.q.s.QueueServiceApplicationTests     : Starting QueueServiceApplicationTests on *******-queue-service-master-re-gtckk-35-from-build-pack--k5lqc with PID 71 (started by root in /workspace/source)
2020-09-10 07:38:19.550  INFO 71 --- [           main] c.s.q.s.QueueServiceApplicationTests     : No active profile set, falling back to default profiles: default
2020-09-10 07:38:24.471  INFO 71 --- [           main] c.s.q.service.QueueServiceApplication    : > Queue Init!
2020-09-10 07:38:24.494  INFO 71 --- [          queue] c.s.q.service.QueueServiceApplication    : The Queue is empty!
2020-09-10 07:38:27.884  INFO 71 --- [           main] o.s.b.a.e.web.EndpointLinksResolver      : Exposing 2 endpoint(s) beneath base path '/actuator'
2020-09-10 07:38:29.958  INFO 71 --- [           main] c.s.q.s.QueueServiceApplicationTests     : Started QueueServiceApplicationTests in 11.305 seconds (JVM running for 16.075)
[INFO] Tests run: 1, Failures: 0, Errors: 0, Skipped: 0, Time elapsed: 14.248 s - in com.*******.queue.service.QueueServiceApplicationTests
[INFO] 
[INFO] Results:
[INFO] 
[INFO] Tests run: 1, Failures: 0, Errors: 0, Skipped: 0
[INFO] 
[INFO] 
[INFO] --- maven-jar-plugin:3.1.2:jar (default-jar) @ queue-service ---
[INFO] Building jar: /workspace/source/target/queue-service-0.0.35.jar
[INFO] 
[INFO] --- spring-boot-maven-plugin:2.2.6.RELEASE:repackage (repackage) @ queue-service ---
[INFO] Replacing main artifact with repackaged archive
[INFO] 
[INFO] --- maven-install-plugin:2.5.2:install (default-install) @ queue-service ---
[INFO] Installing /workspace/source/target/queue-service-0.0.35.jar to /home/jenkins/.mvnrepository/com/*******/queue/queue-service/0.0.35/queue-service-0.0.35.jar
[INFO] Installing /workspace/source/pom.xml to /home/jenkins/.mvnrepository/com/*******/queue/queue-service/0.0.35/queue-service-0.0.35.pom
[INFO] 
[INFO] --- maven-deploy-plugin:2.8.2:deploy (default-deploy) @ queue-service ---
[INFO] Using alternate deployment repository local-nexus::default::http://nexus/repository/maven-releases/
[INFO] ------------------------------------------------------------------------
[INFO] BUILD SUCCESS
[INFO] ------------------------------------------------------------------------
[INFO] Total time:  52.816 s
[INFO] Finished at: 2020-09-10T07:38:38Z
[INFO] ------------------------------------------------------------------------

Showing logs for build [32msalaboy-queue-service-master-re-gtckk-35[0m stage [32mfrom-build-pack[0m and container [32mstep-build-skaffold-version[0m
v1.0.1

Showing logs for build [32msalaboy-queue-service-master-re-gtckk-35[0m stage [32mfrom-build-pack[0m and container [32mstep-build-container-build[0m
E0910 07:38:41.217526       8 aws_credentials.go:77] while getting AWS credentials NoCredentialProviders: no valid providers in chain. Deprecated.
	For verbose messaging see aws.Config.CredentialsChainVerboseErrors
[36mINFO[0m[0001] Using dockerignore file: /workspace/source/.dockerignore 
[36mINFO[0m[0001] Retrieving image manifest openjdk:11-jre-slim 
E0910 07:38:41.860217       8 metadata.go:154] while reading 'google-dockercfg' metadata: http status code: 404 while fetching url http://metadata.google.internal./computeMetadata/v1/instance/attributes/google-dockercfg
E0910 07:38:41.864351       8 metadata.go:166] while reading 'google-dockercfg-url' metadata: http status code: 404 while fetching url http://metadata.google.internal./computeMetadata/v1/instance/attributes/google-dockercfg-url
[36mINFO[0m[0003] Retrieving image manifest openjdk:11-jre-slim 
[36mINFO[0m[0004] Built cross stage deps: map[]                
[36mINFO[0m[0004] Retrieving image manifest openjdk:11-jre-slim 
[36mINFO[0m[0005] Retrieving image manifest openjdk:11-jre-slim 
[36mINFO[0m[0006] Executing 0 build triggers                   
[36mINFO[0m[0006] cmd: EXPOSE                                  
[36mINFO[0m[0006] Adding exposed port: 8080/tcp                
[36mINFO[0m[0006] Resolving srcs [pom.xml target/lib*]...      
[36mINFO[0m[0006] Checking for cached layer gcr.io/camunda-researchanddevelopment/cache:9715a8ccf454cc4cdb9bcdc7cbd21f73ecc5cf2ce4bd87a660d7d66e3c96b227... 
[36mINFO[0m[0007] No cached layer found for cmd COPY pom.xml target/lib* /opt/lib/ 
[36mINFO[0m[0007] Resolving srcs [target/*.jar]...             
[36mINFO[0m[0007] Unpacking rootfs as cmd COPY pom.xml target/lib* /opt/lib/ requires it. 
[36mINFO[0m[0013] ENV PORT 8080                                
[36mINFO[0m[0013] No files changed in this command, skipping snapshotting. 
[36mINFO[0m[0013] ENV CLASSPATH /opt/lib                       
[36mINFO[0m[0013] No files changed in this command, skipping snapshotting. 
[36mINFO[0m[0013] EXPOSE 8080                                  
[36mINFO[0m[0013] cmd: EXPOSE                                  
[36mINFO[0m[0013] Adding exposed port: 8080/tcp                
[36mINFO[0m[0013] No files changed in this command, skipping snapshotting. 
[36mINFO[0m[0013] Resolving srcs [pom.xml target/lib*]...      
[36mINFO[0m[0013] COPY pom.xml target/lib* /opt/lib/           
[36mINFO[0m[0013] Resolving srcs [pom.xml target/lib*]...      
[36mINFO[0m[0013] Resolving 1 paths                            
[36mINFO[0m[0013] Taking snapshot of files...                  
[36mINFO[0m[0013] Pushing layer gcr.io/camunda-researchanddevelopment/cache:9715a8ccf454cc4cdb9bcdc7cbd21f73ecc5cf2ce4bd87a660d7d66e3c96b227 to cache now 
[36mINFO[0m[0013] Resolving srcs [target/*.jar]...             
[36mINFO[0m[0013] COPY target/*.jar /opt/app.jar               
[36mINFO[0m[0013] Resolving srcs [target/*.jar]...             
[36mINFO[0m[0013] Resolving 1 paths                            
[36mINFO[0m[0013] Taking snapshot of files...                  
[36mINFO[0m[0014] Pushing layer gcr.io/camunda-researchanddevelopment/cache:79bf299cad537a8d3210dce523ed01caf1529cb0890cc2ceeac00aa12603adf6 to cache now 
[36mINFO[0m[0014] WORKDIR /opt                                 
[36mINFO[0m[0014] cmd: workdir                                 
[36mINFO[0m[0014] Changed working directory to /opt            
[36mINFO[0m[0014] No files changed in this command, skipping snapshotting. 
[36mINFO[0m[0014] CMD ["java", "-jar", "app.jar"]              
[36mINFO[0m[0014] No files changed in this command, skipping snapshotting. 

Showing logs for build [32msalaboy-queue-service-master-re-gtckk-35[0m stage [32mfrom-build-pack[0m and container [32mstep-build-post-build[0m
no CVE provider running in the current ** namespace so skip adding image to be analysed

Showing logs for build [32msalaboy-queue-service-master-re-gtckk-35[0m stage [32mfrom-build-pack[0m and container [32mstep-promote-changelog[0m
Converted /workspace/source/charts/queue-service to an unshallow repository
Generating change log from git ref 2d2c640313d12532159aaade03fac27b592f45e3 => 08b16bfe9e98f2a009812018e0d73448c1cb8073
Associating user ******* in users.jenkins.io with email *******@gmail.com to git GitProvider user with login *******-2 as emails match
Adding label jenkins.io/git-github-userid=*******-2 to user ******* in users.jenkins.io
Associating user ******* in users.jenkins.io with email *******@gmail.com to git GitProvider user with login *******-2 as emails match
Adding label jenkins.io/git-github-userid=*******-2 to user ******* in users.jenkins.io
Finding issues in commit messages using git format
WARNING: No release found for *******/queue-service and tag v0.0.35 so creating a new release
Updated the release information at https://github.com/*******/queue-service/releases/tag/v0.0.35
generated: /workspace/source/charts/queue-service/templates/release.yaml
Created Release queue-service-0-0-35 resource in namespace **
Updating PipelineActivity *******-queue-service-master-35 with version 0.0.35
Updated PipelineActivities *******-queue-service-master-35 with release notes URL: https://github.com/*******/queue-service/releases/tag/v0.0.35

Showing logs for build [32msalaboy-queue-service-master-re-gtckk-35[0m stage [32mfrom-build-pack[0m and container [32mstep-promote-helm-release[0m
WARNING: No $CHART_REPOSITORY defined so using the default value of: http://jenkins-x-chartmuseum:8080
Adding missing Helm repo: storage.googleapis.com https://storage.googleapis.com/chartmuseum.jenkins-x.io
Successfully added Helm repository storage.googleapis.com.
Adding missing Helm repo: jenkins-x-chartmuseum http://jenkins-x-chartmuseum:8080
Successfully added Helm repository jenkins-x-chartmuseum.
WARNING: No $CHART_REPOSITORY defined so using the default value of: http://jenkins-x-chartmuseum:8080
Uploading chart file queue-service-0.0.35.tgz to http://jenkins-x-chartmuseum:8080/api/charts
Received 201 response: {"saved":true}

Showing logs for build [32msalaboy-queue-service-master-re-gtckk-35[0m stage [32mfrom-build-pack[0m and container [32mstep-promote-jx-promote[0m
WARNING: prow based install so skip waiting for the merge of Pull Requests to go green as currently there is an issue with gettingstatuses from the PR, see https://github.com/jenkins-x/**/issues/2410
WARNING: No $CHART_REPOSITORY defined so using the default value of: http://jenkins-x-chartmuseum:8080
Promoting app queue-service version 0.0.35 to namespace **-staging
Created Pull Request: https://github.com/*******/environment-zeebe-helm-new-staging/pull/211
Added label updatebot to Pull Request https://github.com/*******/environment-zeebe-helm-new-staging/pull/211
got git provider status pending from PR https://github.com/*******/environment-zeebe-helm-new-staging/pull/211
got git provider status pending from PR https://github.com/*******/environment-zeebe-helm-new-staging/pull/211
Pull Request https://github.com/*******/environment-zeebe-helm-new-staging/pull/211 is merged at sha 37b9d6156bb8671cf6e3d79138947064549443b0
Pull Request merged but we are not waiting for the update pipeline to complete!
