
Showing logs for build [32msalaboy-queue-service-master-re-79t7g-9[0m stage [32mfrom-build-pack[0m and container [32mcredential-initializer[0m
{"level":"info","ts":1597143692.0637097,"caller":"creds-init/main.go:44","msg":"Credentials initialized."}

Showing logs for build [32msalaboy-queue-service-master-re-79t7g-9[0m stage [32mfrom-build-pack[0m and container [32mworking-dir-initializer[0m

Showing logs for build [32msalaboy-queue-service-master-re-79t7g-9[0m stage [32mfrom-build-pack[0m and container [32mplace-tools[0m

Showing logs for build [32msalaboy-queue-service-master-re-79t7g-9[0m stage [32mfrom-build-pack[0m and container [32mstep-git-source-salaboy-queue-service-master-re-79t7g-cr6gp[0m
{"level":"info","ts":1597143701.6763942,"caller":"git/git.go:105","msg":"Successfully cloned https://github.com/*******/queue-service.git @ v0.0.9 in path /workspace/source"}
{"level":"warn","ts":1597143701.6768444,"caller":"git/git.go:152","msg":"Unexpected error: creating symlink: symlink /tekton/home/.ssh /root/.ssh: file exists"}
{"level":"info","ts":1597143701.7180266,"caller":"git/git.go:133","msg":"Successfully initialized and updated submodules in path /workspace/source"}

Showing logs for build [32msalaboy-queue-service-master-re-79t7g-9[0m stage [32mfrom-build-pack[0m and container [32mstep-setup-builder-home[0m

Showing logs for build [32msalaboy-queue-service-master-re-79t7g-9[0m stage [32mfrom-build-pack[0m and container [32mstep-git-merge[0m
Using SHAs from PULL_REFS=master:107bbb5bf0c27181e46039a359dcec462e323b53
WARNING: no SHAs to merge, falling back to initial cloned commit

Showing logs for build [32msalaboy-queue-service-master-re-79t7g-9[0m stage [32mfrom-build-pack[0m and container [32mstep-setup-jx-git-credentials[0m
Generated Git credentials file /workspace/xdg_config/git/credentials

Showing logs for build [32msalaboy-queue-service-master-re-79t7g-9[0m stage [32mfrom-build-pack[0m and container [32mstep-build-mvn-deploy[0m
Picked up _JAVA_OPTIONS: -XX:+UnlockExperimentalVMOptions -Dsun.zip.disableMemoryMapping=true -XX:+UseParallelGC -XX:MinHeapFreeRatio=5 -XX:MaxHeapFreeRatio=10 -XX:GCTimeRatio=4 -XX:AdaptiveSizePolicyWeight=90 -Xms10m -Xmx192m
[INFO] Scanning for projects...
[INFO] 
[INFO] ------------------< com.*******.queue:queue-service >-------------------
[INFO] Building queue-service 0.0.9
[INFO] --------------------------------[ jar ]---------------------------------
[INFO] 
[INFO] --- maven-clean-plugin:3.1.0:clean (default-clean) @ queue-service ---
[INFO] 
[INFO] --- maven-resources-plugin:3.1.0:resources (default-resources) @ queue-service ---
[INFO] Using 'UTF-8' encoding to copy filtered resources.
[INFO] Copying 1 resource
[INFO] Copying 0 resource
[INFO] 
[INFO] --- maven-compiler-plugin:3.8.1:compile (default-compile) @ queue-service ---
[INFO] Changes detected - recompiling the module!
[INFO] Compiling 2 source files to /workspace/source/target/classes
[INFO] /workspace/source/src/main/java/com/*******/queue/service/QueueServiceApplication.java: /workspace/source/src/main/java/com/*******/queue/service/QueueServiceApplication.java uses unchecked or unsafe operations.
[INFO] /workspace/source/src/main/java/com/*******/queue/service/QueueServiceApplication.java: Recompile with -Xlint:unchecked for details.
[INFO] Some messages have been simplified; recompile with -Xdiags:verbose to get full output
[INFO] -------------------------------------------------------------
[ERROR] COMPILATION ERROR : 
[INFO] -------------------------------------------------------------
[ERROR] /workspace/source/src/main/java/com/*******/queue/service/QueueServiceApplication.java:[75,80] cannot access io.cloudevents.rw.CloudEventWriter
  class file for io.cloudevents.rw.CloudEventWriter not found
[ERROR] /workspace/source/src/main/java/com/*******/queue/service/QueueServiceApplication.java:[86,55] incompatible types: io.cloudevents.core.builder.CloudEventBuilder cannot be converted to io.cloudevents.v03.CloudEventBuilder<java.lang.String>
[ERROR] /workspace/source/src/main/java/com/*******/queue/service/QueueServiceApplication.java:[142,23] cannot find symbol
  symbol:   method getType()
  location: variable cloudEvent of type io.cloudevents.CloudEvent
[ERROR] /workspace/source/src/main/java/com/*******/queue/service/QueueServiceApplication.java:[143,133] cannot find symbol
  symbol:   method getType()
  location: variable cloudEvent of type io.cloudevents.CloudEvent
[ERROR] /workspace/source/src/main/java/com/*******/queue/service/QueueServiceApplication.java:[145,44] no suitable method found for readValue(java.util.Optional,java.lang.Class<com.*******.queue.service.QueueSession>)
    method com.fasterxml.jackson.databind.ObjectMapper.<T>readValue(com.fasterxml.jackson.core.JsonParser,java.lang.Class<T>) is not applicable
      (cannot infer type-variable(s) T
        (argument mismatch; java.util.Optional cannot be converted to com.fasterxml.jackson.core.JsonParser))
    method com.fasterxml.jackson.databind.ObjectMapper.<T>readValue(com.fasterxml.jackson.core.JsonParser,com.fasterxml.jackson.core.type.TypeReference<T>) is not applicable
      (cannot infer type-variable(s) T
        (argument mismatch; java.util.Optional cannot be converted to com.fasterxml.jackson.core.JsonParser))
    method com.fasterxml.jackson.databind.ObjectMapper.<T>readValue(com.fasterxml.jackson.core.JsonParser,com.fasterxml.jackson.core.type.ResolvedType) is not applicable
      (cannot infer type-variable(s) T
        (argument mismatch; java.util.Optional cannot be converted to com.fasterxml.jackson.core.JsonParser))
    method com.fasterxml.jackson.databind.ObjectMapper.<T>readValue(com.fasterxml.jackson.core.JsonParser,com.fasterxml.jackson.databind.JavaType) is not applicable
      (cannot infer type-variable(s) T
        (argument mismatch; java.util.Optional cannot be converted to com.fasterxml.jackson.core.JsonParser))
    method com.fasterxml.jackson.databind.ObjectMapper.<T>readValue(java.io.File,java.lang.Class<T>) is not applicable
      (cannot infer type-variable(s) T
        (argument mismatch; java.util.Optional cannot be converted to java.io.File))
    method com.fasterxml.jackson.databind.ObjectMapper.<T>readValue(java.io.File,com.fasterxml.jackson.core.type.TypeReference<T>) is not applicable
      (cannot infer type-variable(s) T
        (argument mismatch; java.util.Optional cannot be converted to java.io.File))
    method com.fasterxml.jackson.databind.ObjectMapper.<T>readValue(java.io.File,com.fasterxml.jackson.databind.JavaType) is not applicable
      (cannot infer type-variable(s) T
        (argument mismatch; java.util.Optional cannot be converted to java.io.File))
    method com.fasterxml.jackson.databind.ObjectMapper.<T>readValue(java.net.URL,java.lang.Class<T>) is not applicable
      (cannot infer type-variable(s) T
        (argument mismatch; java.util.Optional cannot be converted to java.net.URL))
    method com.fasterxml.jackson.databind.ObjectMapper.<T>readValue(java.net.URL,com.fasterxml.jackson.core.type.TypeReference<T>) is not applicable
      (cannot infer type-variable(s) T
        (argument mismatch; java.util.Optional cannot be converted to java.net.URL))
    method com.fasterxml.jackson.databind.ObjectMapper.<T>readValue(java.net.URL,com.fasterxml.jackson.databind.JavaType) is not applicable
      (cannot infer type-variable(s) T
        (argument mismatch; java.util.Optional cannot be converted to java.net.URL))
    method com.fasterxml.jackson.databind.ObjectMapper.<T>readValue(java.lang.String,java.lang.Class<T>) is not applicable
      (cannot infer type-variable(s) T
        (argument mismatch; java.util.Optional cannot be converted to java.lang.String))
    method com.fasterxml.jackson.databind.ObjectMapper.<T>readValue(java.lang.String,com.fasterxml.jackson.core.type.TypeReference<T>) is not applicable
      (cannot infer type-variable(s) T
        (argument mismatch; java.util.Optional cannot be converted to java.lang.String))
    method com.fasterxml.jackson.databind.ObjectMapper.<T>readValue(java.lang.String,com.fasterxml.jackson.databind.JavaType) is not applicable
      (cannot infer type-variable(s) T
        (argument mismatch; java.util.Optional cannot be converted to java.lang.String))
    method com.fasterxml.jackson.databind.ObjectMapper.<T>readValue(java.io.Reader,java.lang.Class<T>) is not applicable
      (cannot infer type-variable(s) T
        (argument mismatch; java.util.Optional cannot be converted to java.io.Reader))
    method com.fasterxml.jackson.databind.ObjectMapper.<T>readValue(java.io.Reader,com.fasterxml.jackson.core.type.TypeReference<T>) is not applicable
      (cannot infer type-variable(s) T
        (argument mismatch; java.util.Optional cannot be converted to java.io.Reader))
    method com.fasterxml.jackson.databind.ObjectMapper.<T>readValue(java.io.Reader,com.fasterxml.jackson.databind.JavaType) is not applicable
      (cannot infer type-variable(s) T
        (argument mismatch; java.util.Optional cannot be converted to java.io.Reader))
    method com.fasterxml.jackson.databind.ObjectMapper.<T>readValue(java.io.InputStream,java.lang.Class<T>) is not applicable
      (cannot infer type-variable(s) T
        (argument mismatch; java.util.Optional cannot be converted to java.io.InputStream))
    method com.fasterxml.jackson.databind.ObjectMapper.<T>readValue(java.io.InputStream,com.fasterxml.jackson.core.type.TypeReference<T>) is not applicable
      (cannot infer type-variable(s) T
        (argument mismatch; java.util.Optional cannot be converted to java.io.InputStream))
    method com.fasterxml.jackson.databind.ObjectMapper.<T>readValue(java.io.InputStream,com.fasterxml.jackson.databind.JavaType) is not applicable
      (cannot infer type-variable(s) T
        (argument mismatch; java.util.Optional cannot be converted to java.io.InputStream))
    method com.fasterxml.jackson.databind.ObjectMapper.<T>readValue(byte[],java.lang.Class<T>) is not applicable
      (cannot infer type-variable(s) T
        (argument mismatch; java.util.Optional cannot be converted to byte[]))
    method com.fasterxml.jackson.databind.ObjectMapper.<T>readValue(byte[],int,int,java.lang.Class<T>) is not applicable
      (cannot infer type-variable(s) T
        (actual and formal argument lists differ in length))
    method com.fasterxml.jackson.databind.ObjectMapper.<T>readValue(byte[],com.fasterxml.jackson.core.type.TypeReference<T>) is not applicable
      (cannot infer type-variable(s) T
        (argument mismatch; java.util.Optional cannot be converted to byte[]))
    method com.fasterxml.jackson.databind.ObjectMapper.<T>readValue(byte[],int,int,com.fasterxml.jackson.core.type.TypeReference<T>) is not applicable
      (cannot infer type-variable(s) T
        (actual and formal argument lists differ in length))
    method com.fasterxml.jackson.databind.ObjectMapper.<T>readValue(byte[],com.fasterxml.jackson.databind.JavaType) is not applicable
      (cannot infer type-variable(s) T
        (argument mismatch; java.util.Optional cannot be converted to byte[]))
    method com.fasterxml.jackson.databind.ObjectMapper.<T>readValue(byte[],int,int,com.fasterxml.jackson.databind.JavaType) is not applicable
      (cannot infer type-variable(s) T
        (actual and formal argument lists differ in length))
    method com.fasterxml.jackson.databind.ObjectMapper.<T>readValue(java.io.DataInput,java.lang.Class<T>) is not applicable
      (cannot infer type-variable(s) T
        (argument mismatch; java.util.Optional cannot be converted to java.io.DataInput))
    method com.fasterxml.jackson.databind.ObjectMapper.<T>readValue(java.io.DataInput,com.fasterxml.jackson.databind.JavaType) is not applicable
      (cannot infer type-variable(s) T
        (argument mismatch; java.util.Optional cannot be converted to java.io.DataInput))
[ERROR] /workspace/source/src/main/java/com/*******/queue/service/QueueServiceApplication.java:[160,23] cannot find symbol
  symbol:   method getType()
  location: variable cloudEvent of type io.cloudevents.CloudEvent
[ERROR] /workspace/source/src/main/java/com/*******/queue/service/QueueServiceApplication.java:[161,133] cannot find symbol
  symbol:   method getType()
  location: variable cloudEvent of type io.cloudevents.CloudEvent
[INFO] 7 errors 
[INFO] -------------------------------------------------------------
[INFO] ------------------------------------------------------------------------
[INFO] BUILD FAILURE
[INFO] ------------------------------------------------------------------------
[INFO] Total time:  34.242 s
[INFO] Finished at: 2020-08-11T11:02:25Z
[INFO] ------------------------------------------------------------------------
[ERROR] Failed to execute goal org.apache.maven.plugins:maven-compiler-plugin:3.8.1:compile (default-compile) on project queue-service: Compilation failure: Compilation failure: 
[ERROR] /workspace/source/src/main/java/com/*******/queue/service/QueueServiceApplication.java:[75,80] cannot access io.cloudevents.rw.CloudEventWriter
[ERROR]   class file for io.cloudevents.rw.CloudEventWriter not found
[ERROR] /workspace/source/src/main/java/com/*******/queue/service/QueueServiceApplication.java:[86,55] incompatible types: io.cloudevents.core.builder.CloudEventBuilder cannot be converted to io.cloudevents.v03.CloudEventBuilder<java.lang.String>
[ERROR] /workspace/source/src/main/java/com/*******/queue/service/QueueServiceApplication.java:[142,23] cannot find symbol
[ERROR]   symbol:   method getType()
[ERROR]   location: variable cloudEvent of type io.cloudevents.CloudEvent
[ERROR] /workspace/source/src/main/java/com/*******/queue/service/QueueServiceApplication.java:[143,133] cannot find symbol
[ERROR]   symbol:   method getType()
[ERROR]   location: variable cloudEvent of type io.cloudevents.CloudEvent
[ERROR] /workspace/source/src/main/java/com/*******/queue/service/QueueServiceApplication.java:[145,44] no suitable method found for readValue(java.util.Optional,java.lang.Class<com.*******.queue.service.QueueSession>)
[ERROR]     method com.fasterxml.jackson.databind.ObjectMapper.<T>readValue(com.fasterxml.jackson.core.JsonParser,java.lang.Class<T>) is not applicable
[ERROR]       (cannot infer type-variable(s) T
[ERROR]         (argument mismatch; java.util.Optional cannot be converted to com.fasterxml.jackson.core.JsonParser))
[ERROR]     method com.fasterxml.jackson.databind.ObjectMapper.<T>readValue(com.fasterxml.jackson.core.JsonParser,com.fasterxml.jackson.core.type.TypeReference<T>) is not applicable
[ERROR]       (cannot infer type-variable(s) T
[ERROR]         (argument mismatch; java.util.Optional cannot be converted to com.fasterxml.jackson.core.JsonParser))
[ERROR]     method com.fasterxml.jackson.databind.ObjectMapper.<T>readValue(com.fasterxml.jackson.core.JsonParser,com.fasterxml.jackson.core.type.ResolvedType) is not applicable
[ERROR]       (cannot infer type-variable(s) T
[ERROR]         (argument mismatch; java.util.Optional cannot be converted to com.fasterxml.jackson.core.JsonParser))
[ERROR]     method com.fasterxml.jackson.databind.ObjectMapper.<T>readValue(com.fasterxml.jackson.core.JsonParser,com.fasterxml.jackson.databind.JavaType) is not applicable
[ERROR]       (cannot infer type-variable(s) T
[ERROR]         (argument mismatch; java.util.Optional cannot be converted to com.fasterxml.jackson.core.JsonParser))
[ERROR]     method com.fasterxml.jackson.databind.ObjectMapper.<T>readValue(java.io.File,java.lang.Class<T>) is not applicable
[ERROR]       (cannot infer type-variable(s) T
[ERROR]         (argument mismatch; java.util.Optional cannot be converted to java.io.File))
[ERROR]     method com.fasterxml.jackson.databind.ObjectMapper.<T>readValue(java.io.File,com.fasterxml.jackson.core.type.TypeReference<T>) is not applicable
[ERROR]       (cannot infer type-variable(s) T
[ERROR]         (argument mismatch; java.util.Optional cannot be converted to java.io.File))
[ERROR]     method com.fasterxml.jackson.databind.ObjectMapper.<T>readValue(java.io.File,com.fasterxml.jackson.databind.JavaType) is not applicable
[ERROR]       (cannot infer type-variable(s) T
[ERROR]         (argument mismatch; java.util.Optional cannot be converted to java.io.File))
[ERROR]     method com.fasterxml.jackson.databind.ObjectMapper.<T>readValue(java.net.URL,java.lang.Class<T>) is not applicable
[ERROR]       (cannot infer type-variable(s) T
[ERROR]         (argument mismatch; java.util.Optional cannot be converted to java.net.URL))
[ERROR]     method com.fasterxml.jackson.databind.ObjectMapper.<T>readValue(java.net.URL,com.fasterxml.jackson.core.type.TypeReference<T>) is not applicable
[ERROR]       (cannot infer type-variable(s) T
[ERROR]         (argument mismatch; java.util.Optional cannot be converted to java.net.URL))
[ERROR]     method com.fasterxml.jackson.databind.ObjectMapper.<T>readValue(java.net.URL,com.fasterxml.jackson.databind.JavaType) is not applicable
[ERROR]       (cannot infer type-variable(s) T
[ERROR]         (argument mismatch; java.util.Optional cannot be converted to java.net.URL))
[ERROR]     method com.fasterxml.jackson.databind.ObjectMapper.<T>readValue(java.lang.String,java.lang.Class<T>) is not applicable
[ERROR]       (cannot infer type-variable(s) T
[ERROR]         (argument mismatch; java.util.Optional cannot be converted to java.lang.String))
[ERROR]     method com.fasterxml.jackson.databind.ObjectMapper.<T>readValue(java.lang.String,com.fasterxml.jackson.core.type.TypeReference<T>) is not applicable
[ERROR]       (cannot infer type-variable(s) T
[ERROR]         (argument mismatch; java.util.Optional cannot be converted to java.lang.String))
[ERROR]     method com.fasterxml.jackson.databind.ObjectMapper.<T>readValue(java.lang.String,com.fasterxml.jackson.databind.JavaType) is not applicable
[ERROR]       (cannot infer type-variable(s) T
[ERROR]         (argument mismatch; java.util.Optional cannot be converted to java.lang.String))
[ERROR]     method com.fasterxml.jackson.databind.ObjectMapper.<T>readValue(java.io.Reader,java.lang.Class<T>) is not applicable
[ERROR]       (cannot infer type-variable(s) T
[ERROR]         (argument mismatch; java.util.Optional cannot be converted to java.io.Reader))
[ERROR]     method com.fasterxml.jackson.databind.ObjectMapper.<T>readValue(java.io.Reader,com.fasterxml.jackson.core.type.TypeReference<T>) is not applicable
[ERROR]       (cannot infer type-variable(s) T
[ERROR]         (argument mismatch; java.util.Optional cannot be converted to java.io.Reader))
[ERROR]     method com.fasterxml.jackson.databind.ObjectMapper.<T>readValue(java.io.Reader,com.fasterxml.jackson.databind.JavaType) is not applicable
[ERROR]       (cannot infer type-variable(s) T
[ERROR]         (argument mismatch; java.util.Optional cannot be converted to java.io.Reader))
[ERROR]     method com.fasterxml.jackson.databind.ObjectMapper.<T>readValue(java.io.InputStream,java.lang.Class<T>) is not applicable
[ERROR]       (cannot infer type-variable(s) T
[ERROR]         (argument mismatch; java.util.Optional cannot be converted to java.io.InputStream))
[ERROR]     method com.fasterxml.jackson.databind.ObjectMapper.<T>readValue(java.io.InputStream,com.fasterxml.jackson.core.type.TypeReference<T>) is not applicable
[ERROR]       (cannot infer type-variable(s) T
[ERROR]         (argument mismatch; java.util.Optional cannot be converted to java.io.InputStream))
[ERROR]     method com.fasterxml.jackson.databind.ObjectMapper.<T>readValue(java.io.InputStream,com.fasterxml.jackson.databind.JavaType) is not applicable
[ERROR]       (cannot infer type-variable(s) T
[ERROR]         (argument mismatch; java.util.Optional cannot be converted to java.io.InputStream))
[ERROR]     method com.fasterxml.jackson.databind.ObjectMapper.<T>readValue(byte[],java.lang.Class<T>) is not applicable
[ERROR]       (cannot infer type-variable(s) T
[ERROR]         (argument mismatch; java.util.Optional cannot be converted to byte[]))
[ERROR]     method com.fasterxml.jackson.databind.ObjectMapper.<T>readValue(byte[],int,int,java.lang.Class<T>) is not applicable
[ERROR]       (cannot infer type-variable(s) T
[ERROR]         (actual and formal argument lists differ in length))
[ERROR]     method com.fasterxml.jackson.databind.ObjectMapper.<T>readValue(byte[],com.fasterxml.jackson.core.type.TypeReference<T>) is not applicable
[ERROR]       (cannot infer type-variable(s) T
[ERROR]         (argument mismatch; java.util.Optional cannot be converted to byte[]))
[ERROR]     method com.fasterxml.jackson.databind.ObjectMapper.<T>readValue(byte[],int,int,com.fasterxml.jackson.core.type.TypeReference<T>) is not applicable
[ERROR]       (cannot infer type-variable(s) T
[ERROR]         (actual and formal argument lists differ in length))
[ERROR]     method com.fasterxml.jackson.databind.ObjectMapper.<T>readValue(byte[],com.fasterxml.jackson.databind.JavaType) is not applicable
[ERROR]       (cannot infer type-variable(s) T
[ERROR]         (argument mismatch; java.util.Optional cannot be converted to byte[]))
[ERROR]     method com.fasterxml.jackson.databind.ObjectMapper.<T>readValue(byte[],int,int,com.fasterxml.jackson.databind.JavaType) is not applicable
[ERROR]       (cannot infer type-variable(s) T
[ERROR]         (actual and formal argument lists differ in length))
[ERROR]     method com.fasterxml.jackson.databind.ObjectMapper.<T>readValue(java.io.DataInput,java.lang.Class<T>) is not applicable
[ERROR]       (cannot infer type-variable(s) T
[ERROR]         (argument mismatch; java.util.Optional cannot be converted to java.io.DataInput))
[ERROR]     method com.fasterxml.jackson.databind.ObjectMapper.<T>readValue(java.io.DataInput,com.fasterxml.jackson.databind.JavaType) is not applicable
[ERROR]       (cannot infer type-variable(s) T
[ERROR]         (argument mismatch; java.util.Optional cannot be converted to java.io.DataInput))
[ERROR] /workspace/source/src/main/java/com/*******/queue/service/QueueServiceApplication.java:[160,23] cannot find symbol
[ERROR]   symbol:   method getType()
[ERROR]   location: variable cloudEvent of type io.cloudevents.CloudEvent
[ERROR] /workspace/source/src/main/java/com/*******/queue/service/QueueServiceApplication.java:[161,133] cannot find symbol
[ERROR]   symbol:   method getType()
[ERROR]   location: variable cloudEvent of type io.cloudevents.CloudEvent
[ERROR] -> [Help 1]
[ERROR] 
[ERROR] To see the full stack trace of the errors, re-run Maven with the -e switch.
[ERROR] Re-run Maven using the -X switch to enable full debug logging.
[ERROR] 
[ERROR] For more information about the errors and possible solutions, please read the following articles:
[ERROR] [Help 1] http://cwiki.apache.org/confluence/display/MAVEN/MojoFailureException
[31m
Pipeline failed on stage 'from-build-pack' : container 'step-build-mvn-deploy'. The execution of the pipeline has stopped.[0m
